Using pre-set license
Built from '2020.2/release' branch; Version is '2020.2.2f1 (068178b99f32) revision 426360'; Using compiler version '192528614'; Build Type 'Release'
OS: 'Windows 10 Pro; OS build 19042.985; Version 2009; 64bit' Language: 'en' Physical Memory: 32703 MB
BatchMode: 1, IsHumanControllingUs: 0, StartBugReporterOnCrash: 0, Is64bit: 1, IsPro: 0

 COMMAND LINE ARGUMENTS:
D:\Game Engines\2020.2.2f1\Editor\Unity.exe
-adb2
-batchMode
-noUpm
-name
AssetImportWorker0
-projectPath
D:/Production/Unity/Unity-MobileShooterGame-Sample
-logFile
Logs/AssetImportWorker0.log
-srvPort
50309
Successfully changed project path to: D:/Production/Unity/Unity-MobileShooterGame-Sample
D:/Production/Unity/Unity-MobileShooterGame-Sample
Using Asset Import Pipeline V2.
Refreshing native plugins compatible for Editor in 79.56 ms, found 0 plugins.
Preloading 0 native plugins for Editor in 0.00 ms.
Initialize engine version: 2020.2.2f1 (068178b99f32)
[Subsystems] Discovering subsystems at path D:/Game Engines/2020.2.2f1/Editor/Data/Resources/UnitySubsystems
[Subsystems] Discovering subsystems at path D:/Production/Unity/Unity-MobileShooterGame-Sample/Assets
GfxDevice: creating device client; threaded=0
Direct3D:
    Version:  Direct3D 11.0 [level 11.1]
    Renderer: NVIDIA GeForce GTX 1070 (ID=0x1be1)
    Vendor:   
    VRAM:     8081 MB
    Driver:   27.21.14.6109
Shader 'Effects/Explosions/Distortion/CullBack': fallback shader 'Effects/Distortion/Free/CullOff' not found
Initialize mono
Mono path[0] = 'D:/Game Engines/2020.2.2f1/Editor/Data/Managed'
Mono path[1] = 'D:/Game Engines/2020.2.2f1/Editor/Data/MonoBleedingEdge/lib/mono/unityjit'
Mono config path = 'D:/Game Engines/2020.2.2f1/Editor/Data/MonoBleedingEdge/etc'
Using monoOptions --debugger-agent=transport=dt_socket,embedding=1,server=y,suspend=n,address=127.0.0.1:56820
Begin MonoManager ReloadAssembly
Registering precompiled unity dll's ...
Register platform support module: D:/Game Engines/2020.2.2f1/Editor/Data/PlaybackEngines/WindowsStandaloneSupport/UnityEditor.WindowsStandalone.Extensions.dll
Registered in 0.001316 seconds.
Native extension for WindowsStandalone target not found
Refreshing native plugins compatible for Editor in 100.22 ms, found 0 plugins.
Preloading 0 native plugins for Editor in 0.00 ms.
Invoked RoslynAnalysisRunner static constructor.
RoslynAnalysisRunner will not be running.
RoslynAnalysisRunner has terminated.
Mono: successfully reloaded assembly
- Completed reload, in  2.216 seconds
Platform modules already initialized, skipping
Registering precompiled user dll's ...
Registered in 0.005873 seconds.
Begin MonoManager ReloadAssembly
Native extension for WindowsStandalone target not found
Refreshing native plugins compatible for Editor in 1.13 ms, found 0 plugins.
Preloading 0 native plugins for Editor in 0.00 ms.
Invoked RoslynAnalysisRunner static constructor.
RoslynAnalysisRunner will not be running.
RoslynAnalysisRunner has terminated.
Mono: successfully reloaded assembly
- Completed reload, in  2.058 seconds
Platform modules already initialized, skipping
========================================================================
Worker process is ready to serve import requests
Shader 'Effects/Explosions/Distortion/CullBack': fallback shader 'Effects/Distortion/Free/CullOff' not found
Launched and connected shader compiler UnityShaderCompiler.exe after 0.07 seconds
Refreshing native plugins compatible for Editor in 1.38 ms, found 0 plugins.
Preloading 0 native plugins for Editor in 0.00 ms.
Unloading 2045 Unused Serialized files (Serialized files now loaded: 0)
System memory in use before: 108.7 MB.
System memory in use after: 108.8 MB.

Unloading 40 unused Assets to reduce memory usage. Loaded Objects now: 2484.
Total: 4.562300 ms (FindLiveObjects: 0.910900 ms CreateObjectMapping: 0.285700 ms MarkObjects: 3.228800 ms  DeleteObjects: 0.134600 ms)

========================================================================
Received Import Request.
  path: Assets/Scripts
  artifactKey: Guid(6b3d0bac1362fb64ebe4031d5051d3da) Importer(815301076,1909f56bfc062723c751e8b465ee728b)
Start importing Assets/Scripts using Guid(6b3d0bac1362fb64ebe4031d5051d3da) Importer(815301076,1909f56bfc062723c751e8b465ee728b)  -> (artifact id: '14d1c04a18ab7f87864dc5519af86c17') in 0.027880 seconds
  Import took 0.034978 seconds .

========================================================================
Received Import Request.
  Time since last request: 0.000284 seconds.
  path: Assets/Scripts/MainplayerClass.cs
  artifactKey: Guid(0c88afcece37a1d4cb0ec3f59ad12e0a) Importer(815301076,1909f56bfc062723c751e8b465ee728b)
Start importing Assets/Scripts/MainplayerClass.cs using Guid(0c88afcece37a1d4cb0ec3f59ad12e0a) Importer(815301076,1909f56bfc062723c751e8b465ee728b)  -> (artifact id: '9c405ceaba9fb781242a2cf3f920c365') in 0.048584 seconds
  Import took 0.055280 seconds .

========================================================================
Received Import Request.
  Time since last request: 0.007144 seconds.
  path: Assets/Scripts/MainplayerClass.cs
  artifactKey: Guid(0c88afcece37a1d4cb0ec3f59ad12e0a) Importer(815301076,1909f56bfc062723c751e8b465ee728b)
Start importing Assets/Scripts/MainplayerClass.cs using Guid(0c88afcece37a1d4cb0ec3f59ad12e0a) Importer(815301076,1909f56bfc062723c751e8b465ee728b)  -> (artifact id: '9c405ceaba9fb781242a2cf3f920c365') in 0.002466 seconds
  Import took 0.008148 seconds .

========================================================================
Received Prepare
Registering precompiled user dll's ...
Registered in 0.005928 seconds.
Begin MonoManager ReloadAssembly
Native extension for WindowsStandalone target not found
Refreshing native plugins compatible for Editor in 1.06 ms, found 0 plugins.
Preloading 0 native plugins for Editor in 0.00 ms.
Invoked RoslynAnalysisRunner static constructor.
RoslynAnalysisRunner will not be running.
RoslynAnalysisRunner has terminated.
Mono: successfully reloaded assembly
- Completed reload, in  2.136 seconds
Platform modules already initialized, skipping
Switching build target platform(5) subTarget(0) extendedPlatform(0) -> platform(13) subTarget(589824) extendedPlatform(0)
Shader 'Effects/Explosions/Distortion/CullBack': fallback shader 'Effects/Distortion/Free/CullOff' not found
Refreshing native plugins compatible for Editor in 1.35 ms, found 0 plugins.
Preloading 0 native plugins for Editor in 0.00 ms.
Unloading 1851 Unused Serialized files (Serialized files now loaded: 0)
System memory in use before: 89.4 MB.
System memory in use after: 89.5 MB.

Unloading 30 unused Assets to reduce memory usage. Loaded Objects now: 2486.
Total: 8.251400 ms (FindLiveObjects: 0.433000 ms CreateObjectMapping: 0.233200 ms MarkObjects: 7.266500 ms  DeleteObjects: 0.316400 ms)

AssetImportParameters requested are different than current active one (requested -> active):
  custom:graphics/normal-map-encoding: 01000000000000000000000000000000 -> 02000000000000000000000000000000
========================================================================
Received Import Request.
  Time since last request: 154.468571 seconds.
  path: Assets/Scenes/Main Menu.unity
  artifactKey: Guid(b261b05c93ad5e24c9aa52f344d72e3d) Importer(815301076,1909f56bfc062723c751e8b465ee728b)
Start importing Assets/Scenes/Main Menu.unity using Guid(b261b05c93ad5e24c9aa52f344d72e3d) Importer(815301076,1909f56bfc062723c751e8b465ee728b)  -> (artifact id: 'fd378829ac03d943a2d20eba40b914d2') in 0.040649 seconds
  Import took 0.047076 seconds .

========================================================================
Received Prepare
Registering precompiled user dll's ...
Registered in 0.006151 seconds.
Begin MonoManager ReloadAssembly
Native extension for WindowsStandalone target not found
Refreshing native plugins compatible for Editor in 1.14 ms, found 0 plugins.
Preloading 0 native plugins for Editor in 0.00 ms.
Invoked RoslynAnalysisRunner static constructor.
RoslynAnalysisRunner will not be running.
RoslynAnalysisRunner has terminated.
Mono: successfully reloaded assembly
- Completed reload, in  1.498 seconds
Platform modules already initialized, skipping
Switching build target platform(5) subTarget(0) extendedPlatform(0) -> platform(13) subTarget(589824) extendedPlatform(0)
Shader 'Effects/Explosions/Distortion/CullBack': fallback shader 'Effects/Distortion/Free/CullOff' not found
Refreshing native plugins compatible for Editor in 0.69 ms, found 0 plugins.
Preloading 0 native plugins for Editor in 0.00 ms.
Unloading 1851 Unused Serialized files (Serialized files now loaded: 0)
System memory in use before: 89.4 MB.
System memory in use after: 89.6 MB.

Unloading 30 unused Assets to reduce memory usage. Loaded Objects now: 2488.
Total: 2.610500 ms (FindLiveObjects: 0.389900 ms CreateObjectMapping: 0.151100 ms MarkObjects: 2.034200 ms  DeleteObjects: 0.033600 ms)

AssetImportParameters requested are different than current active one (requested -> active):
  custom:graphics/normal-map-encoding: 01000000000000000000000000000000 -> 02000000000000000000000000000000
========================================================================
Received Import Request.
  Time since last request: 55.797931 seconds.
  path: Assets/Scripts/ParticlesCallback.cs
  artifactKey: Guid(a2019a685615a0a419144a875a56503b) Importer(815301076,1909f56bfc062723c751e8b465ee728b)
Start importing Assets/Scripts/ParticlesCallback.cs using Guid(a2019a685615a0a419144a875a56503b) Importer(815301076,1909f56bfc062723c751e8b465ee728b)  -> (artifact id: '3901b0128fa6fe65389809e99870d8c4') in 0.010492 seconds
  Import took 0.016179 seconds .

========================================================================
Received Import Request.
  Time since last request: 0.033384 seconds.
  path: Assets/Scripts/ParticlesCallback.cs
  artifactKey: Guid(a2019a685615a0a419144a875a56503b) Importer(815301076,1909f56bfc062723c751e8b465ee728b)
Start importing Assets/Scripts/ParticlesCallback.cs using Guid(a2019a685615a0a419144a875a56503b) Importer(815301076,1909f56bfc062723c751e8b465ee728b)  -> (artifact id: '3901b0128fa6fe65389809e99870d8c4') in 0.002420 seconds
  Import took 0.007510 seconds .

